<?xml version="1.0" encoding="UTF-8"?>
<!-- Generated by org.testng.reporters.JUnitReportReporter -->
<testsuite hostname="DESKTOP-19CSE9T" failures="0" tests="1" name="TestCases.Basics5_getAdvanced" time="4.793" errors="0" timestamp="2019-12-18T14:44:29 IST" skipped="0">
  <testcase classname="TestCases.Basics5_getAdvanced" name="Test1" time="4.793"/>
</testsuite> <!-- TestCases.Basics5_getAdvanced -->
