<?xml version="1.0" encoding="UTF-8"?>
<!-- Generated by org.testng.reporters.JUnitReportReporter -->
<testsuite hostname="DESKTOP-19CSE9T" failures="0" tests="1" name="TestCases.Basic10_AuthorizationCode" time="60.934" errors="0" timestamp="2019-12-17T00:33:28 IST" skipped="0">
  <testcase classname="TestCases.Basic10_AuthorizationCode" name="geAutorizationCode" time="60.934"/>
</testsuite> <!-- TestCases.Basic10_AuthorizationCode -->
