<?xml version="1.0" encoding="UTF-8"?>
<!-- Generated by org.testng.reporters.JUnitReportReporter -->
<testsuite hostname="DESKTOP-19CSE9T" failures="0" tests="1" name="Suite1.Basics5_getAdvancedTest" time="13.676" errors="0" timestamp="2019-12-19T11:53:08 IST" skipped="0">
  <testcase classname="Suite1.Basics5_getAdvancedTest" name="getdataGoogleAPIResultValues" time="13.676"/>
</testsuite> <!-- Suite1.Basics5_getAdvancedTest -->
