<?xml version="1.0" encoding="UTF-8"?>
<!-- Generated by org.testng.reporters.JUnitReportReporter -->
<testsuite hostname="DESKTOP-19CSE9T" failures="0" tests="1" name="Suite1.AddBook_DynamicPayload" time="4.081" errors="0" timestamp="2019-12-20T00:31:47 IST" skipped="0">
  <testcase classname="Suite1.AddBook_DynamicPayload" name="postdataAddAndDeleteBook" time="4.081"/>
</testsuite> <!-- Suite1.AddBook_DynamicPayload -->
