<?xml version="1.0" encoding="UTF-8"?>
<!-- Generated by org.testng.reporters.JUnitReportReporter -->
<testsuite hostname="DESKTOP-19CSE9T" failures="0" tests="1" name="TestCases.Basics1_GMapPostTest" time="2.608" errors="0" timestamp="2019-12-18T13:22:03 IST" skipped="0">
  <testcase classname="TestCases.Basics1_GMapPostTest" name="postdata" time="2.608"/>
</testsuite> <!-- TestCases.Basics1_GMapPostTest -->
