<?xml version="1.0" encoding="UTF-8"?>
<!-- Generated by org.testng.reporters.JUnitReportReporter -->
<testsuite hostname="DESKTOP-19CSE9T" failures="0" tests="3" name="TestCases.Basics7_Delete" time="4.047" errors="0" timestamp="2019-12-18T14:54:42 IST" skipped="0">
  <testcase classname="TestCases.Basics7_Delete" name="postdataAddBook" time="0.264"/>
  <testcase classname="TestCases.Basics7_Delete" name="postdataAddBook" time="0.400"/>
  <testcase classname="TestCases.Basics7_Delete" name="postdataAddBook" time="3.383"/>
</testsuite> <!-- TestCases.Basics7_Delete -->
