<?xml version="1.0" encoding="UTF-8"?>
<!-- Generated by org.testng.reporters.JUnitReportReporter -->
<testsuite hostname="DESKTOP-19CSE9T" failures="0" tests="3" name="TestCases.Basics6" time="3.656" errors="0" timestamp="2019-12-18T14:51:22 IST" skipped="0">
  <testcase classname="TestCases.Basics6" name="postdataAddBook" time="0.167"/>
  <testcase classname="TestCases.Basics6" name="postdataAddBook" time="0.175"/>
  <testcase classname="TestCases.Basics6" name="postdataAddBook" time="3.314"/>
</testsuite> <!-- TestCases.Basics6 -->
