<?xml version="1.0" encoding="UTF-8"?>
<!-- Generated by org.testng.reporters.JUnitReportReporter -->
<testsuite hostname="DESKTOP-19CSE9T" failures="0" tests="1" name="TestCases.Basics3" time="2.907" errors="0" timestamp="2019-12-17T13:34:35 IST" skipped="0">
  <testcase classname="TestCases.Basics3" name="postdata" time="2.907"/>
</testsuite> <!-- TestCases.Basics3 -->
