<?xml version="1.0" encoding="UTF-8"?>
<!-- Generated by org.testng.reporters.JUnitReportReporter -->
<testsuite hostname="DESKTOP-19CSE9T" failures="0" tests="1" name="TestCases.Basics2" time="2.652" errors="0" timestamp="2019-12-17T13:34:24 IST" skipped="0">
  <testcase classname="TestCases.Basics2" name="postdata" time="2.652"/>
</testsuite> <!-- TestCases.Basics2 -->
