<?xml version="1.0" encoding="UTF-8"?>
<!-- Generated by org.testng.reporters.JUnitReportReporter -->
<testsuite hostname="DESKTOP-19CSE9T" failures="0" tests="1" name="TestCases.FirstTest" time="0.032" errors="0" timestamp="2019-12-17T17:07:50 IST" skipped="0">
  <testcase classname="TestCases.FirstTest" name="test1" time="0.032"/>
</testsuite> <!-- TestCases.FirstTest -->
