<?xml version="1.0" encoding="UTF-8"?>
<!-- Generated by org.testng.reporters.JUnitReportReporter -->
<testsuite hostname="DESKTOP-19CSE9T" failures="0" tests="1" name="TestCases.Basics4_xml" time="2.422" errors="0" timestamp="2019-12-17T13:35:57 IST" skipped="0">
  <testcase classname="TestCases.Basics4_xml" name="postdata" time="2.422"/>
</testsuite> <!-- TestCases.Basics4_xml -->
