<?xml version="1.0" encoding="UTF-8"?>
<!-- Generated by org.testng.reporters.JUnitReportReporter -->
<testsuite hostname="DESKTOP-19CSE9T" failures="0" tests="1" name="TestCases.Basics" time="6.945" errors="0" timestamp="2019-12-17T13:34:14 IST" skipped="0">
  <testcase classname="TestCases.Basics" name="Test1" time="6.945"/>
</testsuite> <!-- TestCases.Basics -->
