<?xml version="1.0" encoding="UTF-8"?>
<!-- Generated by org.testng.reporters.JUnitReportReporter -->
<testsuite hostname="DESKTOP-19CSE9T" failures="0" tests="3" name="Suite1.Basics7_AddAndDeleteTest" time="0.924" errors="0" timestamp="2019-12-19T11:53:08 IST" skipped="0">
  <testcase classname="Suite1.Basics7_AddAndDeleteTest" name="postdataAddAndDeleteBook" time="0.308"/>
  <testcase classname="Suite1.Basics7_AddAndDeleteTest" name="postdataAddAndDeleteBook" time="0.296"/>
  <testcase classname="Suite1.Basics7_AddAndDeleteTest" name="postdataAddAndDeleteBook" time="0.320"/>
</testsuite> <!-- Suite1.Basics7_AddAndDeleteTest -->
