<?xml version="1.0" encoding="UTF-8"?>
<!-- Generated by org.testng.reporters.JUnitReportReporter -->
<testsuite hostname="DESKTOP-19CSE9T" failures="0" tests="1" name="Suite1.ExcelDrivenAdBook" time="4.060" errors="0" timestamp="2019-12-19T23:40:45 IST" skipped="0">
  <testcase classname="Suite1.ExcelDrivenAdBook" name="postdataAddAndDeleteBook" time="4.060"/>
</testsuite> <!-- Suite1.ExcelDrivenAdBook -->
