<?xml version="1.0" encoding="UTF-8"?>
<!-- Generated by org.testng.reporters.JUnitReportReporter -->
<testsuite hostname="DESKTOP-19CSE9T" failures="0" tests="1" name="Suite1.Basics3_GMapPostDeeteTest" time="0.310" errors="0" timestamp="2019-12-18T16:46:07 IST" skipped="0">
  <testcase classname="Suite1.Basics3_GMapPostDeeteTest" name="postdeltedataGoogleAPI" time="0.310"/>
</testsuite> <!-- Suite1.Basics3_GMapPostDeeteTest -->
