<?xml version="1.0" encoding="UTF-8"?>
<!-- Generated by org.testng.reporters.JUnitReportReporter -->
<testsuite skipped="0" hostname="DESKTOP-19CSE9T" name="Suite1.Basics4_GMapPostXMLTest" tests="1" failures="0" timestamp="2019-12-19T00:45:42 IST" time="0.188" errors="0">
  <testcase name="postdataGoogleAPIXML" time="0.188" classname="Suite1.Basics4_GMapPostXMLTest"/>
</testsuite> <!-- Suite1.Basics4_GMapPostXMLTest -->
