<?xml version="1.0" encoding="UTF-8"?>
<!-- Generated by org.testng.reporters.JUnitReportReporter -->
<testsuite skipped="0" hostname="DESKTOP-19CSE9T" name="Suite1.Basics5_getAdvancedTest" tests="1" failures="0" timestamp="2019-12-19T00:45:42 IST" time="6.335" errors="0">
  <testcase name="getdataGoogleAPIResultValues" time="6.335" classname="Suite1.Basics5_getAdvancedTest"/>
</testsuite> <!-- Suite1.Basics5_getAdvancedTest -->
