<?xml version="1.0" encoding="UTF-8"?>
<!-- Generated by org.testng.reporters.JUnitReportReporter -->
<testsuite skipped="0" hostname="DESKTOP-19CSE9T" name="Suite1.Basics7_AddAndDeleteTest" tests="3" failures="0" timestamp="2019-12-19T00:45:42 IST" time="0.812" errors="0">
  <testcase name="postdataAddAndDeleteBook" time="0.252" classname="Suite1.Basics7_AddAndDeleteTest"/>
  <testcase name="postdataAddAndDeleteBook" time="0.308" classname="Suite1.Basics7_AddAndDeleteTest"/>
  <testcase name="postdataAddAndDeleteBook" time="0.252" classname="Suite1.Basics7_AddAndDeleteTest"/>
</testsuite> <!-- Suite1.Basics7_AddAndDeleteTest -->
