<?xml version="1.0" encoding="UTF-8"?>
<!-- Generated by org.testng.reporters.JUnitReportReporter -->
<testsuite skipped="0" hostname="DESKTOP-19CSE9T" name="Suite1.Basics_GMapGetTest" tests="1" failures="0" timestamp="2019-12-19T00:45:42 IST" time="0.870" errors="0">
  <testcase name="getDataGoogleAPI" time="0.870" classname="Suite1.Basics_GMapGetTest"/>
</testsuite> <!-- Suite1.Basics_GMapGetTest -->
